<?xml version="1.0" encoding="UTF-8"?>
<!-- Generated by org.testng.reporters.JUnitXMLReporter -->
<testsuite hostname="LNGOXFW-213550V" name="Default test" tests="3" failures="0" timestamp="22 Aug 2016 09:22:43 GMT" time="29.513" errors="0">
  <testcase name="loginToPage" time="0.731" classname="com.howtodoinjava.test.LoginPage"/>
  <testcase name="testGroup1" time="0.009" classname="com.howtodoinjava.test.LoginPage"/>
  <testcase name="testGroup2" time="0.006" classname="com.howtodoinjava.test.LoginPage"/>
</testsuite> <!-- Default test -->
